<?xml version="1.0" encoding="UTF-8"?>
<!-- Generated by org.testng.reporters.JUnitReportReporter -->
<testsuite hostname="DESKTOP-DRTC6PB" failures="0" tests="1" name="com.appiumtesting.RealDevice" time="2.539" errors="1" timestamp="2024-10-07T12:13:11 IST" skipped="0">
  <testcase classname="com.appiumtesting.RealDevice" name="before" time="2.539">
    <error message="Could not start a new session. Response code 500. Message: An unknown server-side error occurred while processing the command. Original error: Check https://github.com/appium/appium/issues/13802 for throubleshooting. Error executing adbExec. Original error: &#039;Command &#039;C:\\Users\\os\\AppData\\Local\\Android\\Sdk\\platform-tools\\adb.exe -P 5037 -s adb-ddaabb9f-hztC2Y._adb-tls-connect._tcp shell &#039;settings delete global hidden_api_policy_pre_p_apps;settings delete global hidden_api_policy_p_apps;settings delete global hidden_api_policy&#039;&#039; exited with code 255&#039;; Command output: 
Exception occurred while executing &#039;delete&#039;:
java.lang.SecurityException: Permission denial: writing to settings requires:android.permission.WRITE_SECURE_SETTINGS
	at com.android.providers.settings.SettingsProvider.enforceWritePermission(SettingsProvider.java:2374)
	at com.android.providers.settings.SettingsProvider.mutateGlobalSetting(SettingsProvider.java:1413)
	at com.android.providers.settings.SettingsProvider.mutateGlobalSetting(SettingsProvider.java:1405)
	at com.android.providers.settings.SettingsProvider.deleteGlobalSetting(SettingsProvider.java:1376)
	at com.android.providers.settings.SettingsProvider.call(SettingsProvider.java:561)
	at android.content.ContentProvider.call(ContentProvider.java:2448)
	at android.content.ContentProvider$Transport.call(ContentProvider.java:517)
	at com.android.providers.settings.SettingsService$MyShellCommand.deleteForUser(SettingsService.java:399)
	at com.android.providers.settings.SettingsService$MyShellCommand.onCommand(SettingsService.java:281)
	at android.os.BasicShellCommandHandler.exec(BasicShellCommandHandler.java:98)
	at android.os.ShellCommand.exec(ShellCommand.java:44)
	at com.android.providers.settings.SettingsService.onShellCommand(SettingsService.java:49)
	at android.os.Binder.shellCommand(Binder.java:936)
	at android.os.Binder.onTransact(Binder.java:820)
	at android.os.Binder.execTransactInternal(Binder.java:1166)
	at android.os.Binder.execTransact(Binder.java:1130)

Exception occurred while executing &#039;delete&#039;:
java.lang.SecurityException: Permission denial: writing to settings requires:android.permission.WRITE_SECURE_SETTINGS
	at com.android.providers.settings.SettingsProvider.enforceWritePermission(SettingsProvider.java:2374)
	at com.android.providers.settings.SettingsProvider.mutateGlobalSetting(SettingsProvider.java:1413)
	at com.android.providers.settings.SettingsProvider.mutateGlobalSetting(SettingsProvider.java:1405)
	at com.android.providers.settings.SettingsProvider.deleteGlobalSetting(SettingsProvider.java:1376)
	at com.android.providers.settings.SettingsProvider.call(SettingsProvider.java:561)
	at android.content.ContentProvider.call(ContentProvider.java:2448)
	at android.content.ContentProvider$Transport.call(ContentProvider.java:517)
	at com.android.providers.settings.SettingsService$MyShellCommand.deleteForUser(SettingsService.java:399)
	at com.android.providers.settings.SettingsService$MyShellCommand.onCommand(SettingsService.java:281)
	at android.os.BasicShellCommandHandler.exec(BasicShellCommandHandler.java:98)
	at android.os.ShellCommand.exec(ShellCommand.java:44)
	at com.android.providers.settings.SettingsService.onShellCommand(SettingsService.java:49)
	at android.os.Binder.shellCommand(Binder.java:936)
	at android.os.Binder.onTransact(Binder.java:820)
	at android.os.Binder.execTransactInternal(Binder.java:1166)
	at android.os.Binder.execTransact(Binder.java:1130)

Exception occurred while executing &#039;delete&#039;:
java.lang.SecurityException: Permission denial: writing to settings requires:android.permission.WRITE_SECURE_SETTINGS
	at com.android.providers.settings.SettingsProvider.enforceWritePermission(SettingsProvider.java:2374)
	at com.android.providers.settings.SettingsProvider.mutateGlobalSetting(SettingsProvider.java:1413)
	at com.android.providers.settings.SettingsProvider.mutateGlobalSetting(SettingsProvider.java:1405)
	at com.android.providers.settings.SettingsProvider.deleteGlobalSetting(SettingsProvider.java:1376)
	at com.android.providers.settings.SettingsProvider.call(SettingsProvider.java:561)
	at android.content.ContentProvider.call(ContentProvider.java:2448)
	at android.content.ContentProvider$Transport.call(ContentProvider.java:517)
	at com.android.providers.settings.SettingsService$MyShellCommand.deleteForUser(SettingsService.java:399)
	at com.android.providers.settings.SettingsService$MyShellCommand.onCommand(SettingsService.java:281)
	at android.os.BasicShellCommandHandler.exec(BasicShellCommandHandler.java:98)
	at android.os.ShellCommand.exec(ShellCommand.java:44)
	at com.android.providers.settings.SettingsService.onShellCommand(SettingsService.java:49)
	at android.os.Binder.shellCommand(Binder.java:936)
	at android.os.Binder.onTransact(Binder.java:820)
	at android.os.Binder.execTransactInternal(Binder.java:1166)
	at android.os.Binder.execTransact(Binder.java:1130)
 
Host info: host: &#039;DESKTOP-DRTC6PB&#039;, ip: &#039;192.168.195.181&#039;
Build info: version: &#039;4.13.0&#039;, revision: &#039;ba948ece5b*&#039;
System info: os.name: &#039;Windows 11&#039;, os.arch: &#039;amd64&#039;, os.version: &#039;10.0&#039;, java.version: &#039;18.0.1.1&#039;
Driver info: io.appium.java_client.AppiumDriver
Command: [null, newSession {capabilities=[{appium:appActivity=io.appium.android.apis.ApiDemos, appium:appPackage=io.appium.android.apis, appium:automationName=UIAutomator2, appium:deviceName=realme RMX2195, platformName=ANDROID, appium:platformVersion=11.0, appium:udid=adb-ddaabb9f-hztC2Y._adb-tls-connect._tcp}], desiredCapabilities=Capabilities {appActivity: io.appium.android.apis.ApiD..., appPackage: io.appium.android.apis, automationName: UIAutomator2, deviceName: realme RMX2195, platformName: ANDROID, platformVersion: 11.0, udid: adb-ddaabb9f-hztC2Y._adb-tl...}}]
Capabilities {appActivity: io.appium.android.apis.ApiD..., appPackage: io.appium.android.apis, automationName: UIAutomator2, deviceName: realme RMX2195, platformName: ANDROID, platformVersion: 11.0, udid: adb-ddaabb9f-hztC2Y._adb-tl...}" type="org.openqa.selenium.SessionNotCreatedException">
      <![CDATA[org.openqa.selenium.SessionNotCreatedException: Could not start a new session. Response code 500. Message: An unknown server-side error occurred while processing the command. Original error: Check https://github.com/appium/appium/issues/13802 for throubleshooting. Error executing adbExec. Original error: 'Command 'C:\\Users\\os\\AppData\\Local\\Android\\Sdk\\platform-tools\\adb.exe -P 5037 -s adb-ddaabb9f-hztC2Y._adb-tls-connect._tcp shell 'settings delete global hidden_api_policy_pre_p_apps;settings delete global hidden_api_policy_p_apps;settings delete global hidden_api_policy'' exited with code 255'; Command output: 
Exception occurred while executing 'delete':
java.lang.SecurityException: Permission denial: writing to settings requires:android.permission.WRITE_SECURE_SETTINGS
at com.android.providers.settings.SettingsProvider.enforceWritePermission(SettingsProvider.java:2374)
at com.android.providers.settings.SettingsProvider.mutateGlobalSetting(SettingsProvider.java:1413)
at com.android.providers.settings.SettingsProvider.mutateGlobalSetting(SettingsProvider.java:1405)
at com.android.providers.settings.SettingsProvider.deleteGlobalSetting(SettingsProvider.java:1376)
at com.android.providers.settings.SettingsProvider.call(SettingsProvider.java:561)
at android.content.ContentProvider.call(ContentProvider.java:2448)
at android.content.ContentProvider$Transport.call(ContentProvider.java:517)
at com.android.providers.settings.SettingsService$MyShellCommand.deleteForUser(SettingsService.java:399)
at com.android.providers.settings.SettingsService$MyShellCommand.onCommand(SettingsService.java:281)
at android.os.BasicShellCommandHandler.exec(BasicShellCommandHandler.java:98)
at android.os.ShellCommand.exec(ShellCommand.java:44)
at com.android.providers.settings.SettingsService.onShellCommand(SettingsService.java:49)
at android.os.Binder.shellCommand(Binder.java:936)
at android.os.Binder.onTransact(Binder.java:820)
at android.os.Binder.execTransactInternal(Binder.java:1166)
at android.os.Binder.execTransact(Binder.java:1130)

Exception occurred while executing 'delete':
java.lang.SecurityException: Permission denial: writing to settings requires:android.permission.WRITE_SECURE_SETTINGS
at com.android.providers.settings.SettingsProvider.enforceWritePermission(SettingsProvider.java:2374)
at com.android.providers.settings.SettingsProvider.mutateGlobalSetting(SettingsProvider.java:1413)
at com.android.providers.settings.SettingsProvider.mutateGlobalSetting(SettingsProvider.java:1405)
at com.android.providers.settings.SettingsProvider.deleteGlobalSetting(SettingsProvider.java:1376)
at com.android.providers.settings.SettingsProvider.call(SettingsProvider.java:561)
at android.content.ContentProvider.call(ContentProvider.java:2448)
at android.content.ContentProvider$Transport.call(ContentProvider.java:517)
at com.android.providers.settings.SettingsService$MyShellCommand.deleteForUser(SettingsService.java:399)
at com.android.providers.settings.SettingsService$MyShellCommand.onCommand(SettingsService.java:281)
at android.os.BasicShellCommandHandler.exec(BasicShellCommandHandler.java:98)
at android.os.ShellCommand.exec(ShellCommand.java:44)
at com.android.providers.settings.SettingsService.onShellCommand(SettingsService.java:49)
at android.os.Binder.shellCommand(Binder.java:936)
at android.os.Binder.onTransact(Binder.java:820)
at android.os.Binder.execTransactInternal(Binder.java:1166)
at android.os.Binder.execTransact(Binder.java:1130)

Exception occurred while executing 'delete':
java.lang.SecurityException: Permission denial: writing to settings requires:android.permission.WRITE_SECURE_SETTINGS
at com.android.providers.settings.SettingsProvider.enforceWritePermission(SettingsProvider.java:2374)
at com.android.providers.settings.SettingsProvider.mutateGlobalSetting(SettingsProvider.java:1413)
at com.android.providers.settings.SettingsProvider.mutateGlobalSetting(SettingsProvider.java:1405)
at com.android.providers.settings.SettingsProvider.deleteGlobalSetting(SettingsProvider.java:1376)
at com.android.providers.settings.SettingsProvider.call(SettingsProvider.java:561)
at android.content.ContentProvider.call(ContentProvider.java:2448)
at android.content.ContentProvider$Transport.call(ContentProvider.java:517)
at com.android.providers.settings.SettingsService$MyShellCommand.deleteForUser(SettingsService.java:399)
at com.android.providers.settings.SettingsService$MyShellCommand.onCommand(SettingsService.java:281)
at android.os.BasicShellCommandHandler.exec(BasicShellCommandHandler.java:98)
at android.os.ShellCommand.exec(ShellCommand.java:44)
at com.android.providers.settings.SettingsService.onShellCommand(SettingsService.java:49)
at android.os.Binder.shellCommand(Binder.java:936)
at android.os.Binder.onTransact(Binder.java:820)
at android.os.Binder.execTransactInternal(Binder.java:1166)
at android.os.Binder.execTransact(Binder.java:1130)
 
Host info: host: 'DESKTOP-DRTC6PB', ip: '192.168.195.181'
Build info: version: '4.13.0', revision: 'ba948ece5b*'
System info: os.name: 'Windows 11', os.arch: 'amd64', os.version: '10.0', java.version: '18.0.1.1'
Driver info: io.appium.java_client.AppiumDriver
Command: [null, newSession {capabilities=[{appium:appActivity=io.appium.android.apis.ApiDemos, appium:appPackage=io.appium.android.apis, appium:automationName=UIAutomator2, appium:deviceName=realme RMX2195, platformName=ANDROID, appium:platformVersion=11.0, appium:udid=adb-ddaabb9f-hztC2Y._adb-tls-connect._tcp}], desiredCapabilities=Capabilities {appActivity: io.appium.android.apis.ApiD..., appPackage: io.appium.android.apis, automationName: UIAutomator2, deviceName: realme RMX2195, platformName: ANDROID, platformVersion: 11.0, udid: adb-ddaabb9f-hztC2Y._adb-tl...}}]
Capabilities {appActivity: io.appium.android.apis.ApiD..., appPackage: io.appium.android.apis, automationName: UIAutomator2, deviceName: realme RMX2195, platformName: ANDROID, platformVersion: 11.0, udid: adb-ddaabb9f-hztC2Y._adb-tl...}
at org.openqa.selenium.remote.ProtocolHandshake.createSession(ProtocolHandshake.java:140)
at java.base/jdk.internal.reflect.DirectMethodHandleAccessor.invoke(DirectMethodHandleAccessor.java:104)
at java.base/java.lang.reflect.Method.invoke(Method.java:577)
at io.appium.java_client.remote.AppiumProtocolHandshake.createSession(AppiumProtocolHandshake.java:133)
at io.appium.java_client.remote.AppiumProtocolHandshake.createSession(AppiumProtocolHandshake.java:102)
at io.appium.java_client.remote.AppiumCommandExecutor.createSession(AppiumCommandExecutor.java:182)
at io.appium.java_client.remote.AppiumCommandExecutor.execute(AppiumCommandExecutor.java:250)
at org.openqa.selenium.remote.RemoteWebDriver.execute(RemoteWebDriver.java:602)
at io.appium.java_client.AppiumDriver.startSession(AppiumDriver.java:274)
at org.openqa.selenium.remote.RemoteWebDriver.<init>(RemoteWebDriver.java:163)
at io.appium.java_client.AppiumDriver.<init>(AppiumDriver.java:89)
at io.appium.java_client.AppiumDriver.<init>(AppiumDriver.java:101)
at com.appiumtesting.RealDevice.before(RealDevice.java:41)
at java.base/jdk.internal.reflect.DirectMethodHandleAccessor.invoke(DirectMethodHandleAccessor.java:104)
at java.base/java.lang.reflect.Method.invoke(Method.java:577)
at org.testng.internal.invokers.MethodInvocationHelper.invokeMethod(MethodInvocationHelper.java:139)
at org.testng.internal.invokers.TestInvoker.invokeMethod(TestInvoker.java:664)
at org.testng.internal.invokers.TestInvoker.invokeTestMethod(TestInvoker.java:227)
at org.testng.internal.invokers.MethodRunner.runInSequence(MethodRunner.java:50)
at org.testng.internal.invokers.TestInvoker$MethodInvocationAgent.invoke(TestInvoker.java:957)
at org.testng.internal.invokers.TestInvoker.invokeTestMethods(TestInvoker.java:200)
at org.testng.internal.invokers.TestMethodWorker.invokeTestMethods(TestMethodWorker.java:148)
at org.testng.internal.invokers.TestMethodWorker.run(TestMethodWorker.java:128)
at java.base/java.util.ArrayList.forEach(ArrayList.java:1511)
at org.testng.TestRunner.privateRun(TestRunner.java:848)
at org.testng.TestRunner.run(TestRunner.java:621)
at org.testng.SuiteRunner.runTest(SuiteRunner.java:443)
at org.testng.SuiteRunner.runSequentially(SuiteRunner.java:437)
at org.testng.SuiteRunner.privateRun(SuiteRunner.java:397)
at org.testng.SuiteRunner.run(SuiteRunner.java:336)
at org.testng.SuiteRunnerWorker.runSuite(SuiteRunnerWorker.java:52)
at org.testng.SuiteRunnerWorker.run(SuiteRunnerWorker.java:95)
at org.testng.TestNG.runSuitesSequentially(TestNG.java:1280)
at org.testng.TestNG.runSuitesLocally(TestNG.java:1200)
at org.testng.TestNG.runSuites(TestNG.java:1114)
at org.testng.TestNG.run(TestNG.java:1082)
at org.testng.remote.AbstractRemoteTestNG.run(AbstractRemoteTestNG.java:115)
at org.testng.remote.RemoteTestNG.initAndRun(RemoteTestNG.java:293)
at org.testng.remote.RemoteTestNG.main(RemoteTestNG.java:91)
]]>
    </error>
  </testcase> <!-- before -->
</testsuite> <!-- com.appiumtesting.RealDevice -->
