<?xml version="1.0" encoding="UTF-8"?>
<!-- Generated by org.testng.reporters.JUnitReportReporter -->
<testsuite hostname="DESKTOP-DRTC6PB" failures="0" tests="1" name="com.appiumtesting.GeneralStoreOpen" time="34.256" errors="0" timestamp="2024-10-05T14:08:26 IST" skipped="0">
  <testcase classname="com.appiumtesting.GeneralStoreOpen" name="cart" time="34.256"/>
</testsuite> <!-- com.appiumtesting.GeneralStoreOpen -->
